SF:lib\src\business_logic\blocs\favorite\favorite_state.dart
DA:4,3
DA:8,0
DA:9,0
DA:14,2
DA:16,1
DA:17,1
DA:24,3
DA:28,1
DA:29,2
DA:33,0
DA:35,0
DA:36,0
LF:12
LH:7
end_of_record
SF:lib\src\business_logic\blocs\favorite\favorite_event.dart
DA:5,1
DA:7,0
DA:8,0
DA:12,1
DA:14,0
DA:15,0
DA:21,1
DA:25,0
DA:26,0
LF:9
LH:3
end_of_record
SF:lib\src\business_logic\blocs\favorite\favorite_bloc.dart
DA:11,1
DA:13,2
DA:14,2
DA:15,1
DA:19,1
DA:21,1
DA:22,1
DA:24,3
DA:26,2
DA:27,1
DA:28,1
DA:31,0
DA:35,1
DA:36,2
DA:37,4
DA:38,0
DA:40,1
DA:45,0
DA:47,0
DA:48,0
DA:51,0
DA:54,0
DA:57,0
DA:58,0
DA:63,1
DA:65,2
DA:66,5
DA:69,3
DA:72,0
DA:75,2
DA:76,5
LF:31
LH:21
end_of_record
SF:lib\src\data\repositories\favorite_repository.dart
DA:9,0
DA:10,0
DA:12,0
DA:13,0
DA:16,0
DA:19,0
DA:20,0
DA:22,0
DA:26,0
DA:29,0
DA:30,0
DA:32,0
DA:36,0
LF:13
LH:0
end_of_record
SF:lib\src\data\data_providers\change_notifiers\auth_model.dart
DA:23,1
DA:33,0
DA:35,0
DA:37,0
DA:39,0
DA:40,0
DA:41,0
DA:42,0
DA:46,0
DA:47,0
DA:52,0
DA:53,0
DA:54,0
DA:56,0
DA:57,0
DA:58,0
DA:60,0
DA:61,0
DA:62,0
DA:64,0
DA:69,0
DA:71,0
DA:72,0
DA:74,0
DA:76,0
DA:77,0
DA:79,0
DA:80,0
DA:81,0
DA:84,0
DA:85,0
DA:88,0
DA:91,0
DA:94,0
DA:95,0
DA:98,0
DA:103,0
DA:104,0
DA:107,0
DA:111,0
DA:114,0
DA:116,0
DA:117,0
DA:119,0
DA:122,0
DA:124,0
DA:129,0
DA:132,0
DA:133,0
DA:136,0
DA:138,0
DA:140,0
DA:141,0
DA:144,0
DA:147,0
DA:150,0
DA:154,0
DA:156,0
DA:158,0
DA:160,0
DA:161,0
DA:162,0
DA:163,0
DA:164,0
DA:165,0
DA:168,0
DA:169,0
DA:172,0
DA:175,0
DA:178,0
DA:181,0
DA:182,0
DA:183,0
DA:184,0
DA:185,0
DA:186,0
DA:187,0
DA:190,0
DA:191,0
DA:192,0
DA:195,0
DA:196,0
DA:197,0
DA:199,0
DA:204,0
DA:205,0
DA:206,0
DA:215,0
DA:216,0
DA:217,0
DA:223,0
DA:227,0
DA:230,0
DA:231,0
DA:234,0
DA:235,0
DA:236,0
DA:237,0
DA:238,0
LF:99
LH:1
end_of_record
SF:lib\src\data\data_providers\services\auth_service.dart
DA:25,0
DA:26,0
DA:28,0
DA:29,0
DA:30,0
DA:32,0
DA:36,0
DA:39,0
DA:40,0
DA:42,0
DA:43,0
DA:45,0
DA:46,0
DA:50,0
DA:51,0
DA:53,0
DA:54,0
DA:56,0
DA:57,0
DA:58,0
DA:59,0
DA:60,0
DA:64,0
DA:65,0
DA:67,0
DA:68,0
DA:69,0
DA:71,0
DA:73,0
DA:74,0
DA:76,0
DA:78,0
DA:79,0
DA:83,0
DA:86,0
DA:87,0
DA:89,0
DA:90,0
DA:92,0
DA:96,0
DA:99,0
DA:100,0
DA:102,0
DA:103,0
DA:105,0
DA:109,0
LF:46
LH:0
end_of_record
SF:lib\src\shared\exceptions\more_info_required_exception.dart
DA:3,0
LF:1
LH:0
end_of_record
SF:lib\src\shared\exceptions\uninitialized_exception.dart
DA:1,1
DA:6,0
DA:7,0
DA:13,0
DA:15,0
DA:17,0
LF:6
LH:1
end_of_record
SF:lib\src\shared\utils\parse_methods.dart
DA:6,0
DA:8,0
DA:10,0
DA:13,0
DA:15,0
DA:16,0
LF:6
LH:0
end_of_record
SF:lib\src\data\models\repository_models\user.dart
DA:6,1
DA:13,0
DA:39,0
DA:40,0
DA:41,0
DA:42,0
DA:43,0
DA:44,0
DA:45,0
DA:46,0
DA:47,0
DA:48,0
DA:49,0
DA:50,0
DA:51,0
DA:55,0
DA:57,0
DA:64,0
DA:65,0
DA:66,0
DA:67,0
DA:68,0
DA:69,0
DA:70,0
DA:71,0
DA:72,0
DA:73,0
DA:74,0
DA:75,0
DA:76,0
LF:30
LH:1
end_of_record
SF:lib\src\data\models\requests\auth\login_request.dart
DA:8,0
DA:14,0
DA:15,0
DA:16,0
DA:17,0
DA:18,0
LF:6
LH:0
end_of_record
SF:lib\src\data\models\requests\auth\refresh_token_request.dart
DA:8,0
DA:14,0
DA:15,0
DA:16,0
DA:17,0
DA:18,0
LF:6
LH:0
end_of_record
SF:lib\src\data\models\requests\auth\register_request.dart
DA:13,0
DA:24,0
DA:25,0
DA:26,0
DA:27,0
DA:28,0
DA:29,0
DA:30,0
DA:31,0
DA:32,0
DA:33,0
LF:11
LH:0
end_of_record
SF:lib\src\data\models\responses\auth\db_external_login_response.dart
DA:9,0
DA:15,0
LF:2
LH:0
end_of_record
SF:lib\src\data\models\responses\auth\login_response.dart
DA:8,0
DA:9,0
LF:2
LH:0
end_of_record
SF:lib\src\data\models\responses\auth\refresh_token_response.dart
DA:12,0
DA:13,0
DA:14,0
DA:15,0
DA:16,0
LF:5
LH:0
end_of_record
SF:lib\src\data\models\responses\base_response.dart
DA:9,0
DA:10,0
DA:11,0
DA:12,0
DA:13,0
DA:16,0
DA:17,0
DA:18,0
DA:19,0
DA:21,0
DA:24,0
DA:27,0
DA:28,0
DA:31,0
DA:35,0
LF:15
LH:0
end_of_record
SF:lib\structure\dependency_injection\injector_initializer.dart
DA:15,0
DA:16,0
DA:17,0
DA:18,0
DA:19,0
DA:20,0
DA:21,0
DA:22,0
DA:23,0
DA:24,0
DA:25,0
DA:26,0
DA:30,0
DA:31,0
LF:14
LH:0
end_of_record
SF:lib\src\data\models\responses\future_response.dart
DA:2,1
DA:12,0
DA:18,0
LF:3
LH:1
end_of_record
SF:lib\src\data\data_providers\services\http_service.dart
DA:22,0
DA:23,0
DA:24,0
DA:27,0
DA:28,0
DA:31,0
DA:38,0
DA:40,0
DA:42,0
DA:45,0
DA:47,0
DA:49,0
DA:52,0
DA:53,0
DA:54,0
DA:55,0
DA:56,0
DA:57,0
DA:60,0
DA:64,0
DA:65,0
DA:66,0
DA:67,0
DA:68,0
DA:69,0
DA:74,0
DA:75,0
DA:76,0
DA:78,0
DA:80,0
DA:81,0
DA:84,0
DA:86,0
DA:88,0
DA:89,0
DA:90,0
DA:91,0
DA:94,0
DA:97,0
DA:98,0
DA:99,0
DA:100,0
DA:101,0
DA:102,0
DA:107,0
DA:108,0
DA:109,0
DA:110,0
DA:111,0
DA:112,0
LF:50
LH:0
end_of_record
SF:lib\src\data\models\requests\auth\external_login_request.dart
DA:13,0
DA:23,0
DA:24,0
DA:25,0
DA:26,0
DA:27,0
DA:28,0
LF:7
LH:0
end_of_record
SF:lib\src\data\models\responses\auth\external_login_response.dart
DA:2,1
DA:17,0
LF:2
LH:1
end_of_record
SF:lib\src\data\models\responses\auth\register_response.dart
DA:4,0
LF:1
LH:0
end_of_record
SF:lib\src\data\data_providers\services\facebook_login_service.dart
DA:7,0
DA:8,0
DA:9,0
DA:11,0
DA:12,0
DA:13,0
DA:14,0
DA:16,0
DA:17,0
DA:19,0
DA:20,0
DA:21,0
DA:26,0
DA:29,0
LF:14
LH:0
end_of_record
SF:lib\src\data\data_providers\services\google_login_service.dart
DA:12,0
DA:14,0
DA:16,0
DA:17,0
DA:20,0
DA:22,0
DA:23,0
DA:24,0
DA:27,0
DA:30,0
DA:34,0
LF:11
LH:0
end_of_record
SF:lib\src\data\data_providers\services\category_service.dart
DA:10,0
DA:11,0
DA:12,0
DA:14,0
DA:15,0
DA:17,0
DA:21,0
DA:24,0
DA:25,0
DA:26,0
DA:27,0
DA:29,0
DA:30,0
DA:32,0
DA:36,0
LF:15
LH:0
end_of_record
SF:lib\src\data\models\responses\main\category\category_response.dart
DA:8,0
DA:9,0
DA:12,0
DA:13,0
DA:15,0
DA:16,0
DA:17,0
DA:23,0
DA:24,0
LF:9
LH:0
end_of_record
SF:lib\src\data\data_providers\services\favorite_service.dart
DA:11,0
DA:12,0
DA:13,0
DA:15,0
DA:16,0
DA:18,0
DA:23,0
DA:26,0
DA:27,0
DA:28,0
DA:30,0
DA:31,0
DA:33,0
DA:38,0
DA:41,0
DA:42,0
DA:43,0
DA:45,0
DA:46,0
DA:48,0
DA:53,0
LF:21
LH:0
end_of_record
SF:lib\src\data\models\requests\main\favorite\favorite_request.dart
DA:6,0
DA:11,0
DA:12,0
LF:3
LH:0
end_of_record
SF:lib\src\data\models\responses\main\favorite\get_favorites_response.dart
DA:7,0
DA:8,0
LF:2
LH:0
end_of_record
SF:lib\src\data\data_providers\services\listing_service.dart
DA:14,0
DA:15,0
DA:16,0
DA:18,0
DA:19,0
DA:21,0
DA:26,0
DA:29,0
DA:30,0
DA:31,0
DA:33,0
DA:34,0
DA:36,0
DA:40,0
DA:43,0
DA:44,0
DA:45,0
DA:50,0
DA:51,0
DA:52,0
DA:54,0
DA:58,0
DA:61,0
DA:62,0
DA:63,0
DA:68,0
DA:69,0
DA:70,0
DA:72,0
DA:76,0
DA:79,0
DA:80,0
DA:81,0
DA:83,0
DA:84,0
DA:86,0
DA:90,0
LF:37
LH:0
end_of_record
SF:lib\src\data\models\requests\main\listing\get_listings_request.dart
DA:9,0
DA:13,0
DA:14,0
DA:15,0
DA:16,0
DA:17,0
DA:18,0
LF:7
LH:0
end_of_record
SF:lib\src\data\models\requests\main\listing\listing_request.dart
DA:13,0
DA:24,0
DA:26,0
DA:27,0
DA:28,0
DA:29,0
DA:30,0
DA:31,0
DA:32,0
DA:36,0
DA:38,0
LF:11
LH:0
end_of_record
SF:lib\src\data\models\responses\main\listing\get_listings_response.dart
DA:9,0
DA:10,0
LF:2
LH:0
end_of_record
SF:lib\src\data\models\responses\main\listing\listing_response.dart
DA:7,0
DA:8,0
LF:2
LH:0
end_of_record
SF:lib\src\data\data_providers\services\message_service.dart
DA:15,0
DA:16,0
DA:17,0
DA:18,0
DA:19,0
DA:21,0
DA:25,0
DA:28,0
DA:29,0
DA:30,0
DA:31,0
DA:32,0
DA:34,0
DA:38,0
DA:41,0
DA:42,0
DA:43,0
DA:45,0
DA:46,0
DA:48,0
DA:53,0
DA:56,0
DA:57,0
DA:58,0
DA:60,0
DA:61,0
DA:63,0
DA:67,0
DA:70,0
DA:71,0
DA:72,0
DA:74,0
DA:75,0
DA:77,0
DA:81,0
LF:35
LH:0
end_of_record
SF:lib\src\data\models\requests\main\message\read_all_messages_request.dart
DA:7,0
DA:12,0
DA:13,0
DA:14,0
DA:15,0
LF:5
LH:0
end_of_record
SF:lib\src\data\models\requests\main\message\send_message_request.dart
DA:8,0
DA:14,0
DA:15,0
DA:16,0
DA:17,0
DA:18,0
LF:6
LH:0
end_of_record
SF:lib\src\data\models\responses\main\message\chat_message_response.dart
DA:9,0
DA:10,0
LF:2
LH:0
end_of_record
SF:lib\src\data\models\responses\main\message\message_response.dart
DA:9,0
DA:10,0
LF:2
LH:0
end_of_record
SF:lib\src\data\models\responses\main\message\unseen_message_member_response.dart
DA:10,0
DA:11,0
LF:2
LH:0
end_of_record
SF:lib\src\data\data_providers\services\profile_service.dart
DA:13,0
DA:14,0
DA:16,0
DA:18,0
DA:19,0
DA:21,0
DA:25,0
DA:28,0
DA:29,0
DA:31,0
DA:33,0
DA:34,0
DA:36,0
DA:40,0
DA:44,0
DA:45,0
DA:46,0
DA:48,0
DA:49,0
DA:51,0
DA:55,0
LF:21
LH:0
end_of_record
SF:lib\src\data\models\responses\main\profile\base_profile_response.dart
DA:9,0
DA:10,0
DA:13,0
DA:14,0
DA:17,0
DA:23,0
DA:24,0
LF:7
LH:0
end_of_record
SF:lib\src\data\models\responses\main\profile\profile_response.dart
DA:9,0
DA:10,0
DA:13,0
DA:14,0
DA:17,0
DA:23,0
DA:24,0
LF:7
LH:0
end_of_record
SF:lib\src\data\data_providers\services\shopping_cart_service.dart
DA:11,0
DA:12,0
DA:13,0
DA:15,0
DA:16,0
DA:18,0
DA:23,0
LF:7
LH:0
end_of_record
SF:lib\src\data\models\responses\main\shopping_cart\get_cart_items_response.dart
DA:9,0
DA:10,0
LF:2
LH:0
end_of_record
SF:lib\src\data\data_providers\services\signalr_service.dart
DA:22,0
DA:25,0
DA:28,0
DA:30,0
DA:31,0
DA:32,0
DA:33,0
DA:34,0
DA:35,0
DA:40,0
DA:41,0
DA:42,0
DA:45,0
DA:46,0
DA:47,0
DA:50,0
DA:51,0
DA:52,0
DA:53,0
DA:54,0
DA:60,0
DA:61,0
DA:62,0
DA:64,0
DA:67,0
DA:68,0
DA:71,0
DA:72,0
DA:75,0
DA:76,0
DA:79,0
DA:80,0
DA:83,0
DA:84,0
LF:34
LH:0
end_of_record
SF:lib\src\shared\connectivity\network_connectivity.dart
DA:8,0
DA:10,0
DA:11,0
DA:14,0
DA:16,0
DA:17,0
DA:18,0
DA:19,0
DA:20,0
DA:24,0
DA:27,0
DA:28,0
DA:29,0
DA:32,0
DA:35,0
LF:15
LH:0
end_of_record
SF:lib\src\shared\utils\list_parser.dart
DA:2,0
DA:4,0
DA:5,0
DA:7,0
DA:8,0
DA:10,0
DA:17,0
LF:7
LH:0
end_of_record
SF:lib\src\data\models\repository_models\settings.dart
DA:2,0
DA:12,0
DA:13,0
DA:14,0
DA:15,0
DA:16,0
DA:20,0
DA:21,0
DA:22,0
DA:23,0
DA:24,0
LF:11
LH:0
end_of_record
SF:lib\src\shared\utils\parsable_date_time.dart
DA:4,0
DA:8,0
DA:9,0
DA:12,0
DA:18,0
DA:22,0
DA:25,0
DA:27,0
DA:30,0
DA:31,0
DA:34,0
DA:35,0
LF:12
LH:0
end_of_record
SF:lib\src\data\models\view_models\filter_data.dart
DA:7,0
DA:14,0
DA:20,0
DA:21,0
DA:22,0
DA:23,0
DA:24,0
DA:28,0
DA:34,0
DA:36,0
DA:37,0
LF:11
LH:0
end_of_record
SF:lib\src\data\models\responses\error_response.dart
DA:10,0
DA:14,0
DA:15,0
DA:16,0
DA:17,0
DA:18,0
DA:20,0
LF:7
LH:0
end_of_record
SF:lib\src\data\models\responses\main\category\category_model.dart
DA:8,0
DA:11,0
DA:12,0
DA:13,0
DA:14,0
DA:15,0
DA:16,0
DA:26,0
DA:27,0
DA:29,0
DA:30,0
DA:31,0
DA:32,0
DA:34,0
DA:40,0
DA:41,0
DA:42,0
LF:17
LH:0
end_of_record
SF:lib\src\shared\translation\app_localizations.dart
DA:10,0
DA:14,0
DA:15,0
DA:24,0
DA:25,0
DA:26,0
DA:27,0
DA:29,0
DA:34,0
DA:35,0
DA:36,0
DA:37,0
DA:39,0
DA:44,0
DA:47,0
DA:48,0
DA:50,0
DA:56,0
DA:57,0
DA:67,1
DA:69,0
DA:72,0
DA:76,0
DA:78,0
DA:79,0
DA:83,0
LF:26
LH:1
end_of_record
SF:lib\src\data\models\responses\main\listing\listing_model.dart
DA:15,0
DA:26,0
DA:27,0
DA:30,0
DA:31,0
DA:32,0
DA:33,0
DA:34,0
DA:35,0
DA:36,0
DA:37,0
DA:38,0
DA:39,0
DA:40,0
LF:14
LH:0
end_of_record
SF:lib\src\data\models\responses\main\message\chat_message_model.dart
DA:4,0
DA:13,0
DA:14,0
DA:15,0
DA:16,0
DA:17,0
DA:18,0
DA:19,0
DA:20,0
DA:31,0
DA:32,0
LF:11
LH:0
end_of_record
SF:lib\src\data\models\responses\main\message\message_model.dart
DA:4,0
DA:13,0
DA:14,0
DA:15,0
DA:16,0
DA:17,0
DA:18,0
DA:19,0
DA:20,0
LF:9
LH:0
end_of_record
SF:lib\src\data\models\responses\main\message\unseen_message_member_model.dart
DA:9,0
DA:16,0
DA:17,0
DA:18,0
DA:19,0
DA:20,0
DA:21,0
DA:27,0
DA:28,0
DA:29,0
DA:31,0
DA:32,0
DA:35,0
DA:39,0
DA:40,0
DA:41,0
DA:43,0
DA:44,0
LF:18
LH:0
end_of_record
SF:lib\src\data\models\responses\main\profile\profile_model.dart
DA:9,0
DA:12,0
DA:13,0
DA:20,0
DA:22,0
DA:23,0
LF:6
LH:0
end_of_record
SF:lib\src\data\models\view_models\cart_item_data.dart
DA:8,0
DA:15,0
DA:16,0
DA:17,0
DA:18,0
DA:19,0
DA:20,0
LF:7
LH:0
end_of_record
